  server.cpp
C:\Users\hpy46\Desktop\Server\Server\server.cpp(90,25): warning C4244: '=': 'float'에서 'short'(으)로 변환하면서 데이터가 손실될 수 있습니다.
C:\Users\hpy46\Desktop\Server\Server\server.cpp(91,25): warning C4244: '=': 'float'에서 'short'(으)로 변환하면서 데이터가 손실될 수 있습니다.
C:\Users\hpy46\Desktop\Server\Server\server.cpp(92,25): warning C4244: '=': 'float'에서 'short'(으)로 변환하면서 데이터가 손실될 수 있습니다.
C:\Users\hpy46\Desktop\Server\Server\server.cpp(110,39): warning C4244: '=': 'float'에서 'short'(으)로 변환하면서 데이터가 손실될 수 있습니다.
C:\Users\hpy46\Desktop\Server\Server\server.cpp(111,39): warning C4244: '=': 'float'에서 'short'(으)로 변환하면서 데이터가 손실될 수 있습니다.
C:\Users\hpy46\Desktop\Server\Server\server.cpp(112,39): warning C4244: '=': 'float'에서 'short'(으)로 변환하면서 데이터가 손실될 수 있습니다.
C:\Users\hpy46\Desktop\Server\Server\server.cpp(196,40): warning C4244: '=': 'float'에서 'short'(으)로 변환하면서 데이터가 손실될 수 있습니다.
C:\Users\hpy46\Desktop\Server\Server\server.cpp(197,40): warning C4244: '=': 'float'에서 'short'(으)로 변환하면서 데이터가 손실될 수 있습니다.
C:\Users\hpy46\Desktop\Server\Server\server.cpp(198,40): warning C4244: '=': 'float'에서 'short'(으)로 변환하면서 데이터가 손실될 수 있습니다.
C:\Users\hpy46\Desktop\Server\Server\server.cpp(213,24): warning C4244: '=': 'float'에서 'short'(으)로 변환하면서 데이터가 손실될 수 있습니다.
C:\Users\hpy46\Desktop\Server\Server\server.cpp(214,24): warning C4244: '=': 'float'에서 'short'(으)로 변환하면서 데이터가 손실될 수 있습니다.
C:\Users\hpy46\Desktop\Server\Server\server.cpp(215,24): warning C4244: '=': 'float'에서 'short'(으)로 변환하면서 데이터가 손실될 수 있습니다.
C:\Users\hpy46\Desktop\Server\Server\server.cpp(296,35): warning C4244: '인수': 'ULONG_PTR'에서 'int'(으)로 변환하면서 데이터가 손실될 수 있습니다.
C:\Users\hpy46\Desktop\Server\Server\server.cpp(317,35): warning C4244: '인수': 'ULONG_PTR'에서 'int'(으)로 변환하면서 데이터가 손실될 수 있습니다.
  코드를 생성하고 있습니다.
  Previous IPDB was built with incompatible compiler, fall back to full compilation.
  All 141 functions were compiled because no usable IPDB/IOBJ from previous compilation was found.
  코드를 생성했습니다.
  Server.vcxproj -> C:\Users\hpy46\Desktop\Server\x64\Release\Server.exe
